<?xml version="1.0" encoding="utf-8"?><testsuites name="pytest tests"><testsuite name="pytest" errors="0" failures="0" skipped="0" tests="9" time="2.199" timestamp="2026-03-18T18:57:08.535054+00:00" hostname="agent-env-4976c282-5e42-4238-bb43-7229ccd2608d"><testcase classname="backend.tests.test_iteration8_themes_animations.TestSettingsThemeAnimationFields" name="test_settings_has_theme_id_field" time="0.514" /><testcase classname="backend.tests.test_iteration8_themes_animations.TestSettingsThemeAnimationFields" name="test_settings_has_animation_id_field" time="0.111" /><testcase classname="backend.tests.test_iteration8_themes_animations.TestThemeSelection" name="test_put_settings_with_theme_id" time="0.141" /><testcase classname="backend.tests.test_iteration8_themes_animations.TestThemeSelection" name="test_theme_persistence" time="0.240" /><testcase classname="backend.tests.test_iteration8_themes_animations.TestAnimationSelection" name="test_put_settings_with_animation_id" time="0.132" /><testcase classname="backend.tests.test_iteration8_themes_animations.TestAnimationSelection" name="test_custom_css_has_both_markers" time="0.248" /><testcase classname="backend.tests.test_iteration8_themes_animations.TestAnimationSelection" name="test_animation_persistence" time="0.236" /><testcase classname="backend.tests.test_iteration8_themes_animations.TestDisplayEndpoint" name="test_display_returns_settings_with_custom_css" time="0.293" /><testcase classname="backend.tests.test_iteration8_themes_animations.TestPartialUpdates" name="test_update_only_animation" time="0.232" /></testsuite></testsuites>