<?xml version="1.0" encoding="utf-8"?><testsuites name="pytest tests"><testsuite name="pytest" errors="0" failures="0" skipped="0" tests="18" time="8.113" timestamp="2026-03-18T13:24:18.212228+00:00" hostname="agent-env-3407c7e3-81b6-4e2c-8ee2-1264803713ea"><testcase classname="backend.tests.test_api.TestAuth" name="test_login_superadmin" time="0.390" /><testcase classname="backend.tests.test_api.TestAuth" name="test_login_client" time="0.355" /><testcase classname="backend.tests.test_api.TestAuth" name="test_login_invalid_credentials" time="0.122" /><testcase classname="backend.tests.test_api.TestClientDashboard" name="test_client_stats" time="0.482" /><testcase classname="backend.tests.test_api.TestScreens" name="test_list_screens" time="0.480" /><testcase classname="backend.tests.test_api.TestScreens" name="test_create_and_delete_screen" time="0.608" /><testcase classname="backend.tests.test_api.TestScreens" name="test_force_refresh_endpoint" time="0.664" /><testcase classname="backend.tests.test_api.TestPlaylists" name="test_list_playlists" time="0.452" /><testcase classname="backend.tests.test_api.TestPlaylists" name="test_create_update_delete_playlist" time="0.738" /><testcase classname="backend.tests.test_api.TestPlaylists" name="test_duplicate_playlist" time="0.718" /><testcase classname="backend.tests.test_api.TestDisplay" name="test_display_page_data" time="0.130" /><testcase classname="backend.tests.test_api.TestDisplay" name="test_display_invalid_code" time="0.123" /><testcase classname="backend.tests.test_api.TestWeather" name="test_current_weather" time="0.296" /><testcase classname="backend.tests.test_api.TestWeather" name="test_weather_forecast" time="0.329" /><testcase classname="backend.tests.test_api.TestRSS" name="test_rss_feed" time="0.242" /><testcase classname="backend.tests.test_api.TestSettings" name="test_get_settings" time="1.079" /><testcase classname="backend.tests.test_api.TestSettings" name="test_update_settings" time="0.620" /><testcase classname="backend.tests.test_api.TestEphemeris" name="test_ephemeris" time="0.102" /></testsuite></testsuites>