<?xml version="1.0" encoding="utf-8"?><testsuites name="pytest tests"><testsuite name="pytest" errors="0" failures="0" skipped="0" tests="15" time="4.901" timestamp="2026-03-18T14:40:28.837196+00:00" hostname="agent-env-3407c7e3-81b6-4e2c-8ee2-1264803713ea"><testcase classname="backend.tests.test_iteration4_features.TestTickerToggles" name="test_get_settings_returns_ticker_toggles" time="0.493" /><testcase classname="backend.tests.test_iteration4_features.TestTickerToggles" name="test_update_ticker_text_enabled_false" time="0.119" /><testcase classname="backend.tests.test_iteration4_features.TestTickerToggles" name="test_update_ticker_text_enabled_true" time="0.114" /><testcase classname="backend.tests.test_iteration4_features.TestTickerToggles" name="test_update_ticker_rss_enabled_false" time="0.165" /><testcase classname="backend.tests.test_iteration4_features.TestTickerToggles" name="test_update_ticker_rss_enabled_true" time="0.135" /><testcase classname="backend.tests.test_iteration4_features.TestTickerToggles" name="test_display_includes_ticker_toggles" time="0.114" /><testcase classname="backend.tests.test_iteration4_features.TestPlaylistScheduling" name="test_create_playlist_with_schedule" time="0.623" /><testcase classname="backend.tests.test_iteration4_features.TestPlaylistScheduling" name="test_display_respects_schedule_days" time="0.160" /><testcase classname="backend.tests.test_iteration4_features.TestPlaylistScheduling" name="test_clear_schedule_allows_display" time="0.367" /><testcase classname="backend.tests.test_iteration4_features.TestPdfSlideSupport" name="test_pdf_media_type_exists" time="0.133" /><testcase classname="backend.tests.test_iteration4_features.TestPdfSlideSupport" name="test_add_pdf_slide_to_playlist" time="0.487" /><testcase classname="backend.tests.test_iteration4_features.TestSplitSlideContentUpdate" name="test_create_split_slide_and_verify_persistence" time="0.528" /><testcase classname="backend.tests.test_iteration4_features.TestSplitSlideContentUpdate" name="test_edit_split_slide_change_types" time="0.762" /><testcase classname="backend.tests.test_iteration4_features.TestContentTypes" name="test_all_content_types_in_playlist" time="0.508" /><testcase classname="backend.tests.test_iteration4_features.TestDefaultPlaylistScheduling" name="test_default_playlist_schedule_check" time="0.132" /></testsuite></testsuites>