<?xml version="1.0" encoding="utf-8"?><testsuites name="pytest tests"><testsuite name="pytest" errors="0" failures="0" skipped="0" tests="17" time="9.349" timestamp="2026-03-30T18:37:36.551677+00:00" hostname="agent-env-4976c282-5e42-4238-bb43-7229ccd2608d"><testcase classname="backend.tests.test_iteration11_features.TestAuth" name="test_client_login" time="0.468" /><testcase classname="backend.tests.test_iteration11_features.TestAuth" name="test_admin_login" time="0.384" /><testcase classname="backend.tests.test_iteration11_features.TestSettingsWeatherIconSize" name="test_settings_accepts_weather_icon_size" time="0.543" /><testcase classname="backend.tests.test_iteration11_features.TestSettingsWeatherIconSize" name="test_settings_get_returns_weather_icon_size" time="0.561" /><testcase classname="backend.tests.test_iteration11_features.TestScreenCreationDefaults" name="test_screen_creation_defaults" time="0.715" /><testcase classname="backend.tests.test_iteration11_features.TestDisplayEndpoint" name="test_display_returns_text_color" time="0.180" /><testcase classname="backend.tests.test_iteration11_features.TestMediaEndpoints" name="test_media_list" time="0.476" /><testcase classname="backend.tests.test_iteration11_features.TestMediaEndpoints" name="test_youtube_media_add" time="0.564" /><testcase classname="backend.tests.test_iteration11_features.TestPlaylistEndpoints" name="test_playlist_list" time="0.492" /><testcase classname="backend.tests.test_iteration11_features.TestPlaylistEndpoints" name="test_playlist_with_rss_slide" time="0.648" /><testcase classname="backend.tests.test_iteration11_features.TestPlaylistEndpoints" name="test_playlist_with_pdf_slide" time="1.056" /><testcase classname="backend.tests.test_iteration11_features.TestPlaylistEndpoints" name="test_playlist_with_youtube_from_media" time="0.839" /><testcase classname="backend.tests.test_iteration11_features.TestDashboardStats" name="test_stats_endpoint" time="0.453" /><testcase classname="backend.tests.test_iteration11_features.TestDashboardStats" name="test_screens_endpoint" time="0.465" /><testcase classname="backend.tests.test_iteration11_features.TestDashboardStats" name="test_playlists_endpoint" time="0.445" /><testcase classname="backend.tests.test_iteration11_features.TestDashboardStats" name="test_media_endpoint" time="0.450" /><testcase classname="backend.tests.test_iteration11_features.TestSettingsDefaults" name="test_settings_has_required_fields" time="0.473" /></testsuite></testsuites>