<?xml version="1.0" encoding="utf-8"?><testsuites name="pytest tests"><testsuite name="pytest" errors="0" failures="0" skipped="0" tests="33" time="17.815" timestamp="2026-03-18T13:58:11.694683+00:00" hostname="agent-env-3407c7e3-81b6-4e2c-8ee2-1264803713ea"><testcase classname="backend.tests.test_api.TestAuth" name="test_login_superadmin" time="0.381" /><testcase classname="backend.tests.test_api.TestAuth" name="test_login_client" time="0.346" /><testcase classname="backend.tests.test_api.TestAuth" name="test_login_invalid_credentials" time="0.158" /><testcase classname="backend.tests.test_api.TestClientDashboard" name="test_client_stats" time="1.159" /><testcase classname="backend.tests.test_api.TestScreens" name="test_list_screens" time="0.445" /><testcase classname="backend.tests.test_api.TestScreens" name="test_create_and_delete_screen" time="0.634" /><testcase classname="backend.tests.test_api.TestScreens" name="test_force_refresh_endpoint" time="0.613" /><testcase classname="backend.tests.test_api.TestPlaylists" name="test_list_playlists" time="0.469" /><testcase classname="backend.tests.test_api.TestPlaylists" name="test_create_update_delete_playlist" time="0.683" /><testcase classname="backend.tests.test_api.TestPlaylists" name="test_duplicate_playlist" time="0.724" /><testcase classname="backend.tests.test_api.TestDisplay" name="test_display_page_data" time="0.115" /><testcase classname="backend.tests.test_api.TestDisplay" name="test_display_invalid_code" time="0.110" /><testcase classname="backend.tests.test_api.TestWeather" name="test_current_weather" time="0.294" /><testcase classname="backend.tests.test_api.TestWeather" name="test_weather_forecast" time="0.331" /><testcase classname="backend.tests.test_api.TestRSS" name="test_rss_feed" time="0.229" /><testcase classname="backend.tests.test_api.TestSettings" name="test_get_settings" time="0.490" /><testcase classname="backend.tests.test_api.TestSettings" name="test_update_settings" time="0.593" /><testcase classname="backend.tests.test_api.TestEphemeris" name="test_ephemeris" time="0.103" /><testcase classname="backend.tests.test_new_features.TestTickerSpeed" name="test_get_settings_contains_ticker_speed" time="0.478" /><testcase classname="backend.tests.test_new_features.TestTickerSpeed" name="test_save_ticker_speed" time="0.823" /><testcase classname="backend.tests.test_new_features.TestMultipleRssFeeds" name="test_get_settings_contains_rss_items" time="0.464" /><testcase classname="backend.tests.test_new_features.TestMultipleRssFeeds" name="test_add_multiple_rss_items" time="0.862" /><testcase classname="backend.tests.test_new_features.TestMultipleRssFeeds" name="test_toggle_rss_item_active_state" time="0.886" /><testcase classname="backend.tests.test_new_features.TestRssBatchEndpoint" name="test_rss_batch_single_url" time="0.211" /><testcase classname="backend.tests.test_new_features.TestRssBatchEndpoint" name="test_rss_batch_multiple_urls" time="0.457" /><testcase classname="backend.tests.test_new_features.TestRssBatchEndpoint" name="test_rss_batch_empty_urls" time="0.116" /><testcase classname="backend.tests.test_new_features.TestPlaylistScheduling" name="test_create_playlist_with_scheduling" time="0.713" /><testcase classname="backend.tests.test_new_features.TestPlaylistScheduling" name="test_update_existing_playlist_schedule" time="0.945" /><testcase classname="backend.tests.test_new_features.TestPlaylistScheduling" name="test_clear_playlist_schedule" time="0.827" /><testcase classname="backend.tests.test_new_features.TestSplitLayoutSlides" name="test_create_playlist_with_split_slide" time="0.851" /><testcase classname="backend.tests.test_new_features.TestSplitLayoutSlides" name="test_split_slide_with_different_content_types" time="0.845" /><testcase classname="backend.tests.test_new_features.TestRssSlideType" name="test_create_rss_slide" time="1.297" /><testcase classname="backend.tests.test_new_features.TestDisplayScheduledPlaylist" name="test_display_data_includes_playlist" time="0.097" /></testsuite></testsuites>