<?xml version="1.0" encoding="utf-8"?><testsuites name="pytest tests"><testsuite name="pytest" errors="0" failures="0" skipped="0" tests="12" time="2.916" timestamp="2026-03-29T17:10:37.688413+00:00" hostname="agent-env-4976c282-5e42-4238-bb43-7229ccd2608d"><testcase classname="backend.tests.test_iteration10_features.TestSettingsDefaults" name="test_settings_endpoint_works" time="0.485" /><testcase classname="backend.tests.test_iteration10_features.TestSettingsDefaults" name="test_settings_accepts_new_defaults" time="0.244" /><testcase classname="backend.tests.test_iteration10_features.TestThemeColorOverride" name="test_save_custom_header_color" time="0.217" /><testcase classname="backend.tests.test_iteration10_features.TestThemeColorOverride" name="test_display_returns_custom_color" time="0.201" /><testcase classname="backend.tests.test_iteration10_features.TestThemeColorOverride" name="test_theme_css_no_important_color_overrides" time="0.116" /><testcase classname="backend.tests.test_iteration10_features.TestEcoModeDefaults" name="test_eco_mode_sets_defaults_when_enabled" time="0.218" /><testcase classname="backend.tests.test_iteration10_features.TestEcoModeDefaults" name="test_eco_mode_with_explicit_times" time="0.238" /><testcase classname="backend.tests.test_iteration10_features.TestOnyxThemeDefaults" name="test_onyx_theme_colors" time="0.242" /><testcase classname="backend.tests.test_iteration10_features.TestTickerSpeed" name="test_ticker_speed_accepts_300" time="0.212" /><testcase classname="backend.tests.test_iteration10_features.TestTickerSpeed" name="test_ticker_speed_default" time="0.229" /><testcase classname="backend.tests.test_iteration10_features.TestDisplayEndpoint" name="test_display_returns_settings" time="0.110" /><testcase classname="backend.tests.test_iteration10_features.TestAuthLogin" name="test_demo_login" time="0.324" /></testsuite></testsuites>