<?xml version="1.0" encoding="utf-8"?><testsuites name="pytest tests"><testsuite name="pytest" errors="0" failures="0" skipped="0" tests="17" time="3.795" timestamp="2026-03-18T15:11:28.604966+00:00" hostname="agent-env-3407c7e3-81b6-4e2c-8ee2-1264803713ea"><testcase classname="backend.tests.test_iteration5_features.TestForceRefresh" name="test_force_refresh_endpoint" time="0.658" /><testcase classname="backend.tests.test_iteration5_features.TestForceRefresh" name="test_heartbeat_returns_force_refresh" time="0.670" /><testcase classname="backend.tests.test_iteration5_features.TestForceRefresh" name="test_heartbeat_clears_force_refresh" time="0.139" /><testcase classname="backend.tests.test_iteration5_features.TestDefaultTransition" name="test_get_settings_has_default_transition_field" time="0.140" /><testcase classname="backend.tests.test_iteration5_features.TestDefaultTransition" name="test_set_default_transition_fade" time="0.182" /><testcase classname="backend.tests.test_iteration5_features.TestDefaultTransition" name="test_set_default_transition_slide" time="0.127" /><testcase classname="backend.tests.test_iteration5_features.TestDefaultTransition" name="test_set_default_transition_random" time="0.127" /><testcase classname="backend.tests.test_iteration5_features.TestDefaultTransition" name="test_set_default_transition_none" time="0.152" /><testcase classname="backend.tests.test_iteration5_features.TestDefaultTransition" name="test_display_returns_default_transition" time="0.273" /><testcase classname="backend.tests.test_iteration5_features.TestTickerSettings" name="test_ticker_speed_still_saves" time="0.106" /><testcase classname="backend.tests.test_iteration5_features.TestTickerSettings" name="test_ticker_text_enabled_saves" time="0.112" /><testcase classname="backend.tests.test_iteration5_features.TestTickerSettings" name="test_ticker_rss_enabled_saves" time="0.105" /><testcase classname="backend.tests.test_iteration5_features.TestPlaylistSlides" name="test_playlist_has_3_slides" time="0.227" /><testcase classname="backend.tests.test_iteration5_features.TestPlaylistSlides" name="test_update_slide_via_api" time="0.256" /><testcase classname="backend.tests.test_iteration5_features.TestDisplayAPI" name="test_display_returns_playlist" time="0.110" /><testcase classname="backend.tests.test_iteration5_features.TestDisplayAPI" name="test_display_returns_settings" time="0.137" /><testcase classname="backend.tests.test_iteration5_features.TestDisplayAPI" name="test_display_returns_screen" time="0.200" /></testsuite></testsuites>