<?xml version="1.0" encoding="utf-8"?><testsuites name="pytest tests"><testsuite name="pytest" errors="0" failures="0" skipped="0" tests="17" time="4.766" timestamp="2026-03-24T21:20:24.346302+00:00" hostname="agent-env-4976c282-5e42-4238-bb43-7229ccd2608d"><testcase classname="backend.tests.test_iteration9_features.TestAuthAndSetup" name="test_login_success" time="0.461" /><testcase classname="backend.tests.test_iteration9_features.TestWeatherCitySettings" name="test_get_settings_has_weather_city" time="0.451" /><testcase classname="backend.tests.test_iteration9_features.TestWeatherCitySettings" name="test_update_weather_city" time="0.145" /><testcase classname="backend.tests.test_iteration9_features.TestWeatherCitySettings" name="test_verify_weather_city_persisted" time="0.141" /><testcase classname="backend.tests.test_iteration9_features.TestEcoModeSettings" name="test_settings_accepts_eco_mode_enabled" time="0.461" /><testcase classname="backend.tests.test_iteration9_features.TestEcoModeSettings" name="test_settings_accepts_eco_mode_start" time="0.172" /><testcase classname="backend.tests.test_iteration9_features.TestEcoModeSettings" name="test_settings_accepts_eco_mode_end" time="0.119" /><testcase classname="backend.tests.test_iteration9_features.TestEcoModeSettings" name="test_verify_eco_mode_settings_persisted" time="0.136" /><testcase classname="backend.tests.test_iteration9_features.TestThemeCssSeparation" name="test_settings_accepts_theme_css" time="0.493" /><testcase classname="backend.tests.test_iteration9_features.TestThemeCssSeparation" name="test_theme_css_separate_from_custom_css" time="0.262" /><testcase classname="backend.tests.test_iteration9_features.TestThemeCssSeparation" name="test_verify_theme_css_persisted" time="0.124" /><testcase classname="backend.tests.test_iteration9_features.TestFlashAlertSystem" name="test_get_flash_alerts_endpoint" time="0.460" /><testcase classname="backend.tests.test_iteration9_features.TestFlashAlertSystem" name="test_send_flash_alert" time="0.102" /><testcase classname="backend.tests.test_iteration9_features.TestFlashAlertSystem" name="test_verify_alert_in_history" time="0.130" /><testcase classname="backend.tests.test_iteration9_features.TestFlashAlertSystem" name="test_dismiss_flash_alert" time="0.153" /><testcase classname="backend.tests.test_iteration9_features.TestFlashAlertSystem" name="test_verify_alert_deactivated" time="0.124" /><testcase classname="backend.tests.test_iteration9_features.TestDisplayEndpoint" name="test_display_returns_settings_with_new_fields" time="0.625" /></testsuite></testsuites>