<?xml version="1.0" encoding="utf-8"?><testsuites name="pytest tests"><testsuite name="pytest" errors="0" failures="0" skipped="0" tests="12" time="3.137" timestamp="2026-03-18T18:27:49.914735+00:00" hostname="agent-env-3407c7e3-81b6-4e2c-8ee2-1264803713ea"><testcase classname="backend.tests.test_iteration6_features.TestCustomCSS" name="test_get_settings_includes_custom_css" time="0.528" /><testcase classname="backend.tests.test_iteration6_features.TestCustomCSS" name="test_put_settings_custom_css" time="0.122" /><testcase classname="backend.tests.test_iteration6_features.TestCustomCSS" name="test_custom_css_persists" time="0.116" /><testcase classname="backend.tests.test_iteration6_features.TestWYSIWYGFontSizes" name="test_get_settings_includes_wysiwyg_sizes" time="0.114" /><testcase classname="backend.tests.test_iteration6_features.TestWYSIWYGFontSizes" name="test_put_wysiwyg_sizes" time="0.157" /><testcase classname="backend.tests.test_iteration6_features.TestRenamePlaylist" name="test_playlist_rename_via_put" time="0.438" /><testcase classname="backend.tests.test_iteration6_features.TestRenamePlaylist" name="test_playlist_name_persists" time="0.120" /><testcase classname="backend.tests.test_iteration6_features.TestDefaultTransition" name="test_default_transition_in_settings" time="0.114" /><testcase classname="backend.tests.test_iteration6_features.TestDefaultTransition" name="test_put_default_transition" time="0.648" /><testcase classname="backend.tests.test_iteration6_features.TestDisplaySplitImmersion" name="test_display_endpoint_returns_settings" time="0.108" /><testcase classname="backend.tests.test_iteration6_features.TestDisplaySplitImmersion" name="test_display_returns_playlist_with_layouts" time="0.140" /><testcase classname="backend.tests.test_iteration6_features.TestAddSplitImmersionSlide" name="test_add_split_immersion_slide" time="0.476" /></testsuite></testsuites>